生成启动时间为 2016/4/9 22:29:15。
     1>项目“d:\用户目录\我的文档\visual studio 2012\Projects\myant_one\myant_one\myant_one.vcxproj”在节点 2 上(Build 个目标)。
     1>ClCompile:
         F:\Visual Studio 2012\VC\bin\CL.exe /c /ZI /nologo /W3 /WX- /sdl /Od /Oy- /D WIN32 /D _DEBUG /D _CONSOLE /D _UNICODE /D UNICODE /Gm /EHsc /RTC1 /MDd /GS /fp:precise /Zc:wchar_t /Zc:forScope /Fo"Debug\\" /Fd"Debug\vc110.pdb" /Gd /TP /analyze- /errorReport:prompt /D _CRT_SECURE_NO_WARNINGS Ant.cpp Tsp.cpp myant_one.cpp readfile.cpp
         Ant.cpp
         正在生成代码...
         正在编译...
         readfile.cpp
         myant_one.cpp
         Tsp.cpp
     1>d:\用户目录\我的文档\visual studio 2012\projects\myant_one\myant_one\tsp.cpp(146): warning C4800: “int”: 将值强制为布尔值“true”或“false”(性能警告)
         正在生成代码...
     1>d:\用户目录\我的文档\visual studio 2012\projects\myant_one\myant_one\tsp.cpp(209): warning C4715: “CTsp::remain”: 不是所有的控件路径都返回值
       Link:
         F:\Visual Studio 2012\VC\bin\link.exe /ERRORREPORT:PROMPT /OUT:"d:\用户目录\我的文档\visual studio 2012\Projects\myant_one\Debug\myant_one.exe" /INCREMENTAL /NOLOGO kernel32.lib user32.lib gdi32.lib winspool.lib comdlg32.lib advapi32.lib shell32.lib ole32.lib oleaut32.lib uuid.lib odbc32.lib odbccp32.lib /MANIFEST /MANIFESTUAC:"level='asInvoker' uiAccess='false'" /manifest:embed /DEBUG /PDB:"d:\用户目录\我的文档\visual studio 2012\Projects\myant_one\Debug\myant_one.pdb" /SUBSYSTEM:CONSOLE /STACK:"16000000" /TLBID:1 /DYNAMICBASE /NXCOMPAT /IMPLIB:"d:\用户目录\我的文档\visual studio 2012\Projects\myant_one\Debug\myant_one.lib" /MACHINE:X86 Debug\Ant.obj
         Debug\myant_one.obj
         Debug\readfile.obj
         Debug\stdafx.obj
         Debug\Tsp.obj
         myant_one.vcxproj -> d:\用户目录\我的文档\visual studio 2012\Projects\myant_one\Debug\myant_one.exe
     1>已完成生成项目“d:\用户目录\我的文档\visual studio 2012\Projects\myant_one\myant_one\myant_one.vcxproj”(Build 个目标)的操作。

生成成功。

已用时间 00:00:03.89
